d:\starfighrt3d\starfighrt3d\debug\starfighrt3d-debug.pch
d:\starfighrt3d\starfighrt3d\debug\vc120.pdb
d:\starfighrt3d\starfighrt3d\debug\vc120.idb
d:\starfighrt3d\starfighrt3d\debug\stdafx.obj
d:\starfighrt3d\starfighrt3d\debug\actor.obj
d:\starfighrt3d\starfighrt3d\debug\boundingbox.obj
d:\starfighrt3d\starfighrt3d\debug\engine.obj
d:\starfighrt3d\starfighrt3d\debug\eventmanager.obj
d:\starfighrt3d\starfighrt3d\debug\starfighrt3d.obj
d:\starfighrt3d\starfighrt3d\debug\world.obj
d:\starfighrt3d\build\starfighrt3d-debug.pdb
d:\starfighrt3d\starfighrt3d\debug\starfighrt3d.tlog\cl.command.1.tlog
d:\starfighrt3d\starfighrt3d\debug\starfighrt3d.tlog\cl.read.1.tlog
d:\starfighrt3d\starfighrt3d\debug\starfighrt3d.tlog\cl.write.1.tlog
d:\starfighrt3d\starfighrt3d\debug\starfighrt3d.tlog\link-cvtres.read.1.tlog
d:\starfighrt3d\starfighrt3d\debug\starfighrt3d.tlog\link-cvtres.write.1.tlog
d:\starfighrt3d\starfighrt3d\debug\starfighrt3d.tlog\link-rc.read.1.tlog
d:\starfighrt3d\starfighrt3d\debug\starfighrt3d.tlog\link-rc.write.1.tlog
d:\starfighrt3d\starfighrt3d\debug\starfighrt3d.tlog\link.command.1.tlog
d:\starfighrt3d\starfighrt3d\debug\starfighrt3d.tlog\link.read.1.tlog
d:\starfighrt3d\starfighrt3d\debug\starfighrt3d.tlog\link.write.1.tlog
